# JRE version: Java(TM) SE Runtime Environment (8.0_05-b13) (build 1.8.0_05-b13)
# Java VM: Java HotSpot(TM) 64-Bit Server VM (25.5-b02 mixed mode linux-amd64 compressed oops)
Heap:
 PSYoungGen      total 285696K, used 127677K [0x00000000eab00000, 0x0000000100000000, 0x0000000100000000)
  eden space 223232K, 50% used [0x00000000eab00000,0x00000000f192f478,0x00000000f8500000)
  from space 62464K, 23% used [0x00000000f8500000,0x00000000f9380000,0x00000000fc200000)
  to   space 62976K, 0% used [0x00000000fc280000,0x00000000fc280000,0x0000000100000000)
 ParOldGen       total 699392K, used 160029K [0x00000000c0000000, 0x00000000eab00000, 0x00000000eab00000)
  object space 699392K, 22% used [0x00000000c0000000,0x00000000c9c47720,0x00000000eab00000)
 Metaspace       used 51218K, capacity 51760K, committed 52048K, reserved 1091584K
  class space    used 9175K, capacity 9321K, committed 9344K, reserved 1048576K
GC Heap History (10 events):
Event: 40.831 GC heap before
{Heap before GC invocations=11 (full 2):
 PSYoungGen      total 264192K, used 264176K [0x00000000eab00000, 0x0000000100000000, 0x0000000100000000)
  eden space 224256K, 100% used [0x00000000eab00000,0x00000000f8600000,0x00000000f8600000)
  from space 39936K, 99% used [0x00000000fd900000,0x00000000ffffc150,0x0000000100000000)
  to   space 62464K, 0% used [0x00000000f8600000,0x00000000f8600000,0x00000000fc300000)
 ParOldGen       total 699392K, used 65725K [0x00000000c0000000, 0x00000000eab00000, 0x00000000eab00000)
  object space 699392K, 9% used [0x00000000c0000000,0x00000000c402f5e8,0x00000000eab00000)
 Metaspace       used 50718K, capacity 51210K, committed 51536K, reserved 1091584K
  class space    used 9141K, capacity 9288K, committed 9344K, reserved 1048576K
Event: 40.888 GC heap after
Heap after GC invocations=11 (full 2):
 PSYoungGen      total 268800K, used 44475K [0x00000000eab00000, 0x0000000100000000, 0x0000000100000000)
  eden space 224256K, 0% used [0x00000000eab00000,0x00000000eab00000,0x00000000f8600000)
  from space 44544K, 99% used [0x00000000f8600000,0x00000000fb16ed48,0x00000000fb180000)
  to   space 63488K, 0% used [0x00000000fc200000,0x00000000fc200000,0x0000000100000000)
 ParOldGen       total 699392K, used 78750K [0x00000000c0000000, 0x00000000eab00000, 0x00000000eab00000)
  object space 699392K, 11% used [0x00000000c0000000,0x00000000c4ce7880,0x00000000eab00000)
 Metaspace       used 50718K, capacity 51210K, committed 51536K, reserved 1091584K
  class space    used 9141K, capacity 9288K, committed 9344K, reserved 1048576K
}
Event: 42.210 GC heap before
{Heap before GC invocations=12 (full 2):
 PSYoungGen      total 268800K, used 268731K [0x00000000eab00000, 0x0000000100000000, 0x0000000100000000)
  eden space 224256K, 100% used [0x00000000eab00000,0x00000000f8600000,0x00000000f8600000)
  from space 44544K, 99% used [0x00000000f8600000,0x00000000fb16ed48,0x00000000fb180000)
  to   space 63488K, 0% used [0x00000000fc200000,0x00000000fc200000,0x0000000100000000)
 ParOldGen       total 699392K, used 78750K [0x00000000c0000000, 0x00000000eab00000, 0x00000000eab00000)
  object space 699392K, 11% used [0x00000000c0000000,0x00000000c4ce7880,0x00000000eab00000)
 Metaspace       used 50806K, capacity 51338K, committed 51536K, reserved 1091584K
  class space    used 9146K, capacity 9288K, committed 9344K, reserved 1048576K
Event: 42.292 GC heap after
Heap after GC invocations=12 (full 2):
 PSYoungGen      total 283648K, used 45235K [0x00000000eab00000, 0x0000000100000000, 0x0000000100000000)
  eden space 220160K, 0% used [0x00000000eab00000,0x00000000eab00000,0x00000000f8200000)
  from space 63488K, 71% used [0x00000000fc200000,0x00000000fee2cc68,0x0000000100000000)
  to   space 64512K, 0% used [0x00000000f8200000,0x00000000f8200000,0x00000000fc100000)
 ParOldGen       total 699392K, used 86689K [0x00000000c0000000, 0x00000000eab00000, 0x00000000eab00000)
  object space 699392K, 12% used [0x00000000c0000000,0x00000000c54a8728,0x00000000eab00000)
 Metaspace       used 50806K, capacity 51338K, committed 51536K, reserved 1091584K
  class space    used 9146K, capacity 9288K, committed 9344K, reserved 1048576K
}
Event: 43.587 GC heap before
{Heap before GC invocations=13 (full 2):
 PSYoungGen      total 283648K, used 265395K [0x00000000eab00000, 0x0000000100000000, 0x0000000100000000)
  eden space 220160K, 100% used [0x00000000eab00000,0x00000000f8200000,0x00000000f8200000)
  from space 63488K, 71% used [0x00000000fc200000,0x00000000fee2cc68,0x0000000100000000)
  to   space 64512K, 0% used [0x00000000f8200000,0x00000000f8200000,0x00000000fc100000)
 ParOldGen       total 699392K, used 86689K [0x00000000c0000000, 0x00000000eab00000, 0x00000000eab00000)
  object space 699392K, 12% used [0x00000000c0000000,0x00000000c54a8728,0x00000000eab00000)
 Metaspace       used 50969K, capacity 51498K, committed 51792K, reserved 1091584K
  class space    used 9162K, capacity 9320K, committed 9344K, reserved 1048576K
Event: 43.639 GC heap after
Heap after GC invocations=13 (full 2):
 PSYoungGen      total 284672K, used 40991K [0x00000000eab00000, 0x0000000100000000, 0x0000000100000000)
  eden space 220160K, 0% used [0x00000000eab00000,0x00000000eab00000,0x00000000f8200000)
  from space 64512K, 63% used [0x00000000f8200000,0x00000000faa07c58,0x00000000fc100000)
  to   space 63488K, 0% used [0x00000000fc200000,0x00000000fc200000,0x0000000100000000)
 ParOldGen       total 699392K, used 105763K [0x00000000c0000000, 0x00000000eab00000, 0x00000000eab00000)
  object space 699392K, 15% used [0x00000000c0000000,0x00000000c6748c68,0x00000000eab00000)
 Metaspace       used 50969K, capacity 51498K, committed 51792K, reserved 1091584K
  class space    used 9162K, capacity 9320K, committed 9344K, reserved 1048576K
}
Event: 44.331 GC heap before
{Heap before GC invocations=14 (full 2):
 PSYoungGen      total 284672K, used 261151K [0x00000000eab00000, 0x0000000100000000, 0x0000000100000000)
  eden space 220160K, 100% used [0x00000000eab00000,0x00000000f8200000,0x00000000f8200000)
  from space 64512K, 63% used [0x00000000f8200000,0x00000000faa07c58,0x00000000fc100000)
  to   space 63488K, 0% used [0x00000000fc200000,0x00000000fc200000,0x0000000100000000)
 ParOldGen       total 699392K, used 105763K [0x00000000c0000000, 0x00000000eab00000, 0x00000000eab00000)
  object space 699392K, 15% used [0x00000000c0000000,0x00000000c6748c68,0x00000000eab00000)
 Metaspace       used 51094K, capacity 51562K, committed 51792K, reserved 1091584K
  class space    used 9175K, capacity 9320K, committed 9344K, reserved 1048576K
Event: 44.412 GC heap after
Heap after GC invocations=14 (full 2):
 PSYoungGen      total 286720K, used 28288K [0x00000000eab00000, 0x0000000100000000, 0x0000000100000000)
  eden space 223232K, 0% used [0x00000000eab00000,0x00000000eab00000,0x00000000f8500000)
  from space 63488K, 44% used [0x00000000fc200000,0x00000000fdda0110,0x0000000100000000)
  to   space 62464K, 0% used [0x00000000f8500000,0x00000000f8500000,0x00000000fc200000)
 ParOldGen       total 699392K, used 132541K [0x00000000c0000000, 0x00000000eab00000, 0x00000000eab00000)
  object space 699392K, 18% used [0x00000000c0000000,0x00000000c816f710,0x00000000eab00000)
 Metaspace       used 51094K, capacity 51562K, committed 51792K, reserved 1091584K
  class space    used 9175K, capacity 9320K, committed 9344K, reserved 1048576K
}
Event: 44.823 GC heap before
{Heap before GC invocations=15 (full 2):
 PSYoungGen      total 286720K, used 251520K [0x00000000eab00000, 0x0000000100000000, 0x0000000100000000)
  eden space 223232K, 100% used [0x00000000eab00000,0x00000000f8500000,0x00000000f8500000)
  from space 63488K, 44% used [0x00000000fc200000,0x00000000fdda0110,0x0000000100000000)
  to   space 62464K, 0% used [0x00000000f8500000,0x00000000f8500000,0x00000000fc200000)
 ParOldGen       total 699392K, used 132541K [0x00000000c0000000, 0x00000000eab00000, 0x00000000eab00000)
  object space 699392K, 18% used [0x00000000c0000000,0x00000000c816f710,0x00000000eab00000)
 Metaspace       used 51122K, capacity 51626K, committed 51792K, reserved 1091584K
  class space    used 9175K, capacity 9320K, committed 9344K, reserved 1048576K
Event: 44.898 GC heap after
Heap after GC invocations=15 (full 2):
 PSYoungGen      total 285696K, used 14848K [0x00000000eab00000, 0x0000000100000000, 0x0000000100000000)
  eden space 223232K, 0% used [0x00000000eab00000,0x00000000eab00000,0x00000000f8500000)
  from space 62464K, 23% used [0x00000000f8500000,0x00000000f9380000,0x00000000fc200000)
  to   space 62976K, 0% used [0x00000000fc280000,0x00000000fc280000,0x0000000100000000)
 ParOldGen       total 699392K, used 160029K [0x00000000c0000000, 0x00000000eab00000, 0x00000000eab00000)
  object space 699392K, 22% used [0x00000000c0000000,0x00000000c9c47720,0x00000000eab00000)
 Metaspace       used 51122K, capacity 51626K, committed 51792K, reserved 1091584K
  class space    used 9175K, capacity 9320K, committed 9344K, reserved 1048576K
}

